{
  "stats": {
    "suites": 1,
    "tests": 1,
    "passes": 1,
    "pending": 0,
    "failures": 0,
    "start": "2021-10-01T02:45:51.258Z",
    "end": "2021-10-01T02:46:04.791Z",
    "duration": 13533,
    "testsRegistered": 1,
    "passPercent": 100,
    "pendingPercent": 0,
    "other": 0,
    "hasOther": false,
    "skipped": 0,
    "hasSkipped": false
  },
  "results": [
    {
      "uuid": "93d07218-017a-438d-a0e4-f048ce580325",
      "title": "",
      "fullFile": "cypress/integration/test4.js",
      "file": "cypress/integration/test4.js",
      "beforeHooks": [],
      "afterHooks": [],
      "tests": [],
      "suites": [
        {
          "uuid": "15b0d47c-8116-4580-a650-5533ee3c2059",
          "title": "My first test suite",
          "fullFile": "",
          "file": "",
          "beforeHooks": [],
          "afterHooks": [],
          "tests": [
            {
              "title": "My first test case",
              "fullTitle": "My first test suite My first test case",
              "timedOut": null,
              "duration": 11111,
              "state": "passed",
              "speed": "slow",
              "pass": true,
              "fail": false,
              "pending": false,
              "context": null,
              "code": "cy.visit(\"https://rahulshettyacademy.com/AutomationPractice/\");\ncy.get(\"#alertbtn\").click();\ncy.get('[value=\"Confirm\"]').click();\ncy.on(\"window:alert\", str => {\n  expect(str).to.equal(\"Hello , share this practice page and share your knowledge\");\n});\ncy.on(\"window:confirm\", str => {\n  expect(str).to.equal(\"Hello , Are you sure you want to confirm?\");\n});\ncy.get(\"#opentab\").invoke(\"removeAttr\", \"target\").click();\ncy.url(\"includes\", \"rahulshetty\");\ncy.go(\"back\");",
              "err": {},
              "uuid": "92ba0dc1-3c93-4328-b247-29a2a77164e6",
              "parentUUID": "15b0d47c-8116-4580-a650-5533ee3c2059",
              "isHook": false,
              "skipped": false
            }
          ],
          "suites": [],
          "passes": [
            "92ba0dc1-3c93-4328-b247-29a2a77164e6"
          ],
          "failures": [],
          "pending": [],
          "skipped": [],
          "duration": 11111,
          "root": false,
          "rootEmpty": false,
          "_timeout": 2000
        }
      ],
      "passes": [],
      "failures": [],
      "pending": [],
      "skipped": [],
      "duration": 0,
      "root": true,
      "rootEmpty": true,
      "_timeout": 2000
    }
  ],
  "meta": {
    "mocha": {
      "version": "7.0.1"
    },
    "mochawesome": {
      "options": {
        "quiet": false,
        "reportFilename": "mochawesome",
        "saveHtml": true,
        "saveJson": true,
        "consoleReporter": "spec",
        "useInlineDiffs": false,
        "code": true
      },
      "version": "6.2.2"
    },
    "marge": {
      "options": null,
      "version": "5.2.0"
    }
  }
}