{
  "stats": {
    "suites": 1,
    "tests": 1,
    "passes": 1,
    "pending": 0,
    "failures": 0,
    "start": "2021-10-01T02:27:12.656Z",
    "end": "2021-10-01T02:27:22.740Z",
    "duration": 10084,
    "testsRegistered": 1,
    "passPercent": 100,
    "pendingPercent": 0,
    "other": 0,
    "hasOther": false,
    "skipped": 0,
    "hasSkipped": false
  },
  "results": [
    {
      "uuid": "228c0f29-0121-4e79-9d07-6d23c89be9d3",
      "title": "",
      "fullFile": "cypress/integration/test1.js",
      "file": "cypress/integration/test1.js",
      "beforeHooks": [],
      "afterHooks": [],
      "tests": [],
      "suites": [
        {
          "uuid": "3fc52487-ae59-4d79-865e-4cf21ce1b7e4",
          "title": "My first test suite",
          "fullFile": "",
          "file": "",
          "beforeHooks": [],
          "afterHooks": [],
          "tests": [
            {
              "title": "My first test case",
              "fullTitle": "My first test suite My first test case",
              "timedOut": null,
              "duration": 7843,
              "state": "passed",
              "speed": "slow",
              "pass": true,
              "fail": false,
              "pending": false,
              "context": null,
              "code": "cy.visit(\"https://rahulshettyacademy.com/seleniumPractise/#/\");\ncy.get(\".search-keyword\").type(\"ca\");\ncy.wait(2000);\ncy.get(\".product:visible\").should(\"have.length\", 4);\ncy.get(\".products\").as(\"productLocator\");\ncy.get(\"@productLocator\").find(\".product\").should(\"have.length\", 4); // cy.get(\":nth-child(3) > .product-action > button\").click();\ncy.get(\"@productLocator\").find(\".product\").eq(2).contains(\"ADD TO CART\").click().then(function () {\n  console.log(\"sf\");\n});\ncy.get(\"@productLocator\").find(\".product\").each(($el, index, $list) => {\n  const textVeg = $el.find(\".product-name\").text();\n  if (textVeg.includes(\"Cashews\")) {\n    $el.find(\"button\").click();\n  }\n});\ncy.get(\".brand\").should(\"have.text\", \"GREENKART\");\ncy.get(\".brand\").then(function (logoelement) {\n  cy.log(logoelement.text());\n});",
              "err": {},
              "uuid": "7ff38072-2d91-4677-ba12-3923ff9834db",
              "parentUUID": "3fc52487-ae59-4d79-865e-4cf21ce1b7e4",
              "isHook": false,
              "skipped": false
            }
          ],
          "suites": [],
          "passes": [
            "7ff38072-2d91-4677-ba12-3923ff9834db"
          ],
          "failures": [],
          "pending": [],
          "skipped": [],
          "duration": 7843,
          "root": false,
          "rootEmpty": false,
          "_timeout": 2000
        }
      ],
      "passes": [],
      "failures": [],
      "pending": [],
      "skipped": [],
      "duration": 0,
      "root": true,
      "rootEmpty": true,
      "_timeout": 2000
    }
  ],
  "meta": {
    "mocha": {
      "version": "7.0.1"
    },
    "mochawesome": {
      "options": {
        "quiet": false,
        "reportFilename": "mochawesome",
        "saveHtml": true,
        "saveJson": true,
        "consoleReporter": "spec",
        "useInlineDiffs": false,
        "code": true
      },
      "version": "6.2.2"
    },
    "marge": {
      "options": null,
      "version": "5.2.0"
    }
  }
}